app/build/outputs/logs/manifest-merger-debug-report.txt
-- Merging decision tree log ---
manifest
ADDED from src\main\AndroidManifest.xml:2:1-68:12
	package
		ADDED from src\main\AndroidManifest.xml:3:5-34
		INJECTED from src\main\AndroidManifest.xml
		INJECTED from src\main\AndroidManifest.xml
	android:versionName
		ADDED from src\main\AndroidManifest.xml:5:5-32
		INJECTED from src\main\AndroidManifest.xml
		INJECTED from src\main\AndroidManifest.xml
	android:versionCode
		ADDED from src\main\AndroidManifest.xml:4:5-28
		INJECTED from src\main\AndroidManifest.xml
		INJECTED from src\main\AndroidManifest.xml
	xmlns:android
		ADDED from src\main\AndroidManifest.xml:2:11-69
uses-sdk
ADDED from src\main\AndroidManifest.xml:7:5-9:41
	android:targetSdkVersion
		ADDED from src\main\AndroidManifest.xml:9:9-38
		INJECTED from src\main\AndroidManifest.xml
		INJECTED from src\main\AndroidManifest.xml
	android:minSdkVersion
		ADDED from src\main\AndroidManifest.xml:8:9-34
		INJECTED from src\main\AndroidManifest.xml
		INJECTED from src\main\AndroidManifest.xml
uses-permission#android.permission.INTERNET
ADDED from src\main\AndroidManifest.xml:10:5-66
	android:name
		ADDED from src\main\AndroidManifest.xml:10:22-64
uses-permission#android.permission.WRITE_EXTERNAL_STORAGE
ADDED from src\main\AndroidManifest.xml:11:5-80
	android:name
		ADDED from src\main\AndroidManifest.xml:11:22-78
uses-permission#android.permission.ACCESS_NETWORK_STATE
ADDED from src\main\AndroidManifest.xml:12:5-78
	android:name
		ADDED from src\main\AndroidManifest.xml:12:22-76
uses-permission#android.permission.MOUNT_UNMOUNT_FILESYSTEMS
ADDED from src\main\AndroidManifest.xml:13:5-83
	android:name
		ADDED from src\main\AndroidManifest.xml:13:22-81
uses-permission#android.permission.READ_PHONE_STATE
ADDED from src\main\AndroidManifest.xml:14:5-74
	android:name
		ADDED from src\main\AndroidManifest.xml:14:22-72
uses-permission#android.permission.CAMERA
ADDED from src\main\AndroidManifest.xml:15:5-64
	android:name
		ADDED from src\main\AndroidManifest.xml:15:22-62
application
ADDED from src\main\AndroidManifest.xml:17:5-66:19
	android:label
		ADDED from src\main\AndroidManifest.xml:20:9-41
	android:allowBackup
		ADDED from src\main\AndroidManifest.xml:18:9-35
	android:icon
		ADDED from src\main\AndroidManifest.xml:19:9-48
	android:theme
		ADDED from src\main\AndroidManifest.xml:21:9-40
activity#com.example.hsjgapp.LoginActivity
ADDED from src\main\AndroidManifest.xml:22:9-30:20
	android:label
		ADDED from src\main\AndroidManifest.xml:24:13-45
	android:name
		ADDED from src\main\AndroidManifest.xml:23:13-61
intent-filter#android.intent.action.MAIN+android.intent.category.LAUNCHER
ADDED from src\main\AndroidManifest.xml:25:13-29:29
action#android.intent.action.MAIN
ADDED from src\main\AndroidManifest.xml:26:17-69
	android:name
		ADDED from src\main\AndroidManifest.xml:26:25-66
category#android.intent.category.LAUNCHER
ADDED from src\main\AndroidManifest.xml:28:17-77
	android:name
		ADDED from src\main\AndroidManifest.xml:28:27-74
activity#com.example.hsjgapp.CSSetupActivity
ADDED from src\main\AndroidManifest.xml:31:9-32:58
	android:screenOrientation
		ADDED from src\main\AndroidManifest.xml:32:20-56
	android:name
		ADDED from src\main\AndroidManifest.xml:31:20-70
activity#com.example.hsjgapp.VehicleInformationActivity
ADDED from src\main\AndroidManifest.xml:33:9-34:58
	android:screenOrientation
		ADDED from src\main\AndroidManifest.xml:34:20-56
	android:name
		ADDED from src\main\AndroidManifest.xml:33:20-81
activity#com.example.hsjgapp.FunctionActivity
ADDED from src\main\AndroidManifest.xml:35:9-36:58
	android:screenOrientation
		ADDED from src\main\AndroidManifest.xml:36:20-56
	android:name
		ADDED from src\main\AndroidManifest.xml:35:20-71
activity#com.example.hsjgapp.TabHostOne
ADDED from src\main\AndroidManifest.xml:37:9-38:58
	android:screenOrientation
		ADDED from src\main\AndroidManifest.xml:38:20-56
	android:name
		ADDED from src\main\AndroidManifest.xml:37:20-65
activity#com.example.hsjgapp.MaulDetActivitySpinner
ADDED from src\main\AndroidManifest.xml:39:9-40:58
	android:screenOrientation
		ADDED from src\main\AndroidManifest.xml:40:20-56
	android:name
		ADDED from src\main\AndroidManifest.xml:39:20-77
activity#com.example.hsjgapp.MaulDetActivityEditText
ADDED from src\main\AndroidManifest.xml:41:9-42:58
	android:screenOrientation
		ADDED from src\main\AndroidManifest.xml:42:20-56
	android:name
		ADDED from src\main\AndroidManifest.xml:41:20-78
activity#com.example.hsjgapp.AppearancePhoto
ADDED from src\main\AndroidManifest.xml:43:9-44:58
	android:screenOrientation
		ADDED from src\main\AndroidManifest.xml:44:20-56
	android:name
		ADDED from src\main\AndroidManifest.xml:43:20-70
activity#com.example.hsjgapp.TakePhotoActivity
ADDED from src\main\AndroidManifest.xml:45:9-47:59
	android:screenOrientation
		ADDED from src\main\AndroidManifest.xml:47:20-57
	android:configChanges
		ADDED from src\main\AndroidManifest.xml:46:20-70
	android:name
		ADDED from src\main\AndroidManifest.xml:45:20-72
activity#com.example.hsjgapp.ImageShowActivity
ADDED from src\main\AndroidManifest.xml:48:9-49:59
	android:screenOrientation
		ADDED from src\main\AndroidManifest.xml:49:20-57
	android:name
		ADDED from src\main\AndroidManifest.xml:48:20-72
activity#com.example.hsjgapp.BrakeRoadTest
ADDED from src\main\AndroidManifest.xml:50:9-51:58
	android:screenOrientation
		ADDED from src\main\AndroidManifest.xml:51:20-56
	android:name
		ADDED from src\main\AndroidManifest.xml:50:20-68
activity#com.example.hsjgapp.RoadTestToMove
ADDED from src\main\AndroidManifest.xml:52:9-53:58
	android:screenOrientation
		ADDED from src\main\AndroidManifest.xml:53:20-56
	android:name
		ADDED from src\main\AndroidManifest.xml:52:20-69
activity#com.example.hsjgapp.SlopeOfBrake
ADDED from src\main\AndroidManifest.xml:54:9-55:58
	android:screenOrientation
		ADDED from src\main\AndroidManifest.xml:55:20-56
	android:name
		ADDED from src\main\AndroidManifest.xml:54:20-67
activity#com.example.hsjgapp.BackOffice
ADDED from src\main\AndroidManifest.xml:56:9-57:58
	android:screenOrientation
		ADDED from src\main\AndroidManifest.xml:57:20-56
	android:name
		ADDED from src\main\AndroidManifest.xml:56:20-65
activity#com.example.hsjgapp.SCPhotos
ADDED from src\main\AndroidManifest.xml:58:9-59:58
	android:screenOrientation
		ADDED from src\main\AndroidManifest.xml:59:20-56
	android:name
		ADDED from src\main\AndroidManifest.xml:58:20-63
activity#com.example.hsjgapp.BasicSetup
ADDED from src\main\AndroidManifest.xml:60:9-61:58
	android:screenOrientation
		ADDED from src\main\AndroidManifest.xml:61:20-56
	android:name
		ADDED from src\main\AndroidManifest.xml:60:20-65
activity#com.example.hsjgapp.NewPassWordActivity
ADDED from src\main\AndroidManifest.xml:62:9-63:58
	android:screenOrientation
		ADDED from src\main\AndroidManifest.xml:63:20-56
	android:name
		ADDED from src\main\AndroidManifest.xml:62:20-74
activity#com.example.hsjgapp.OnLineSchedulingActivity
ADDED from src\main\AndroidManifest.xml:64:9-65:58
	android:screenOrientation
		ADDED from src\main\AndroidManifest.xml:65:20-56
	android:name
		ADDED from src\main\AndroidManifest.xml:64:20-79